<?xml version="1.0" encoding="UTF-8"?>
<!-- Generated by org.testng.reporters.JUnitXMLReporter -->
<testsuite ignored="0" hostname="Elviras-MacBook-Pro.local" failures="0" tests="5" name="Default test" time="52.015" errors="0" timestamp="2020-05-29T03:47:58 EDT">
  <testcase classname="com.class03.HWwithRefia" name="addEmployee" time="8.088"/>
  <testcase classname="com.class03.HWwithRefia" name="addEmployee" time="7.356"/>
  <testcase classname="com.class03.HWwithRefia" name="addEmployee" time="7.797"/>
  <testcase classname="com.class03.HWwithRefia" name="addEmployee" time="7.146"/>
  <testcase classname="com.class03.HWwithRefia" name="addEmployee" time="7.302"/>
</testsuite> <!-- Default test -->
