<?xml version="1.0" encoding="UTF-8"?>
<testng-results ignored="0" total="5" passed="5" failed="0" skipped="0">
  <reporter-output>
  </reporter-output>
  <suite started-at="2020-05-29T03:47:06 EDT" name="Default suite" finished-at="2020-05-29T03:47:58 EDT" duration-ms="52015">
    <groups>
    </groups>
    <test started-at="2020-05-29T03:47:06 EDT" name="Default test" finished-at="2020-05-29T03:47:58 EDT" duration-ms="52015">
      <class name="com.class03.HWwithRefia">
        <test-method is-config="true" signature="setUp()[pri:0, instance:com.class03.HWwithRefia@78b729e6]" started-at="2020-05-29T03:47:06 EDT" name="setUp" finished-at="2020-05-29T03:47:10 EDT" duration-ms="3981" status="PASS">
          <reporter-output>
          </reporter-output>
        </test-method> <!-- setUp -->
        <test-method signature="addEmployee(java.lang.String, java.lang.String, java.lang.String, java.lang.String)[pri:0, instance:com.class03.HWwithRefia@78b729e6]" started-at="2020-05-29T03:47:10 EDT" name="addEmployee" data-provider="getData" finished-at="2020-05-29T03:47:18 EDT" duration-ms="8088" status="PASS">
          <params>
            <param index="0">
              <value>
                <![CDATA[A]]>
              </value>
            </param>
            <param index="1">
              <value>
                <![CDATA[B]]>
              </value>
            </param>
            <param index="2">
              <value>
                <![CDATA[123ab]]>
              </value>
            </param>
            <param index="3">
              <value>
                <![CDATA[Abcerevfgf1245!]]>
              </value>
            </param>
          </params>
          <reporter-output>
          </reporter-output>
        </test-method> <!-- addEmployee -->
        <test-method is-config="true" signature="tearDown()[pri:0, instance:com.class03.HWwithRefia@78b729e6]" started-at="2020-05-29T03:47:18 EDT" name="tearDown" finished-at="2020-05-29T03:47:18 EDT" duration-ms="94" status="PASS">
          <reporter-output>
          </reporter-output>
        </test-method> <!-- tearDown -->
        <test-method is-config="true" signature="setUp()[pri:0, instance:com.class03.HWwithRefia@78b729e6]" started-at="2020-05-29T03:47:18 EDT" name="setUp" finished-at="2020-05-29T03:47:21 EDT" duration-ms="2870" status="PASS">
          <reporter-output>
          </reporter-output>
        </test-method> <!-- setUp -->
        <test-method signature="addEmployee(java.lang.String, java.lang.String, java.lang.String, java.lang.String)[pri:0, instance:com.class03.HWwithRefia@78b729e6]" started-at="2020-05-29T03:47:21 EDT" name="addEmployee" data-provider="getData" finished-at="2020-05-29T03:47:28 EDT" duration-ms="7356" status="PASS">
          <params>
            <param index="0">
              <value>
                <![CDATA[John]]>
              </value>
            </param>
            <param index="1">
              <value>
                <![CDATA[Smith4]]>
              </value>
            </param>
            <param index="2">
              <value>
                <![CDATA[jsmith]]>
              </value>
            </param>
            <param index="3">
              <value>
                <![CDATA[bcerSevfgf1245!]]>
              </value>
            </param>
          </params>
          <reporter-output>
          </reporter-output>
        </test-method> <!-- addEmployee -->
        <test-method is-config="true" signature="tearDown()[pri:0, instance:com.class03.HWwithRefia@78b729e6]" started-at="2020-05-29T03:47:28 EDT" name="tearDown" finished-at="2020-05-29T03:47:28 EDT" duration-ms="94" status="PASS">
          <reporter-output>
          </reporter-output>
        </test-method> <!-- tearDown -->
        <test-method is-config="true" signature="setUp()[pri:0, instance:com.class03.HWwithRefia@78b729e6]" started-at="2020-05-29T03:47:28 EDT" name="setUp" finished-at="2020-05-29T03:47:31 EDT" duration-ms="2289" status="PASS">
          <reporter-output>
          </reporter-output>
        </test-method> <!-- setUp -->
        <test-method signature="addEmployee(java.lang.String, java.lang.String, java.lang.String, java.lang.String)[pri:0, instance:com.class03.HWwithRefia@78b729e6]" started-at="2020-05-29T03:47:31 EDT" name="addEmployee" data-provider="getData" finished-at="2020-05-29T03:47:38 EDT" duration-ms="7797" status="PASS">
          <params>
            <param index="0">
              <value>
                <![CDATA[Jane]]>
              </value>
            </param>
            <param index="1">
              <value>
                <![CDATA[Lu]]>
              </value>
            </param>
            <param index="2">
              <value>
                <![CDATA[jsmlu67]]>
              </value>
            </param>
            <param index="3">
              <value>
                <![CDATA[bcerevfWEgf1245!]]>
              </value>
            </param>
          </params>
          <reporter-output>
          </reporter-output>
        </test-method> <!-- addEmployee -->
        <test-method is-config="true" signature="tearDown()[pri:0, instance:com.class03.HWwithRefia@78b729e6]" started-at="2020-05-29T03:47:38 EDT" name="tearDown" finished-at="2020-05-29T03:47:38 EDT" duration-ms="94" status="PASS">
          <reporter-output>
          </reporter-output>
        </test-method> <!-- tearDown -->
        <test-method is-config="true" signature="setUp()[pri:0, instance:com.class03.HWwithRefia@78b729e6]" started-at="2020-05-29T03:47:38 EDT" name="setUp" finished-at="2020-05-29T03:47:41 EDT" duration-ms="2317" status="PASS">
          <reporter-output>
          </reporter-output>
        </test-method> <!-- setUp -->
        <test-method signature="addEmployee(java.lang.String, java.lang.String, java.lang.String, java.lang.String)[pri:0, instance:com.class03.HWwithRefia@78b729e6]" started-at="2020-05-29T03:47:41 EDT" name="addEmployee" data-provider="getData" finished-at="2020-05-29T03:47:48 EDT" duration-ms="7146" status="PASS">
          <params>
            <param index="0">
              <value>
                <![CDATA[Fay]]>
              </value>
            </param>
            <param index="1">
              <value>
                <![CDATA[Ko]]>
              </value>
            </param>
            <param index="2">
              <value>
                <![CDATA[komith67]]>
              </value>
            </param>
            <param index="3">
              <value>
                <![CDATA[bcerevFfgf1245!]]>
              </value>
            </param>
          </params>
          <reporter-output>
          </reporter-output>
        </test-method> <!-- addEmployee -->
        <test-method is-config="true" signature="tearDown()[pri:0, instance:com.class03.HWwithRefia@78b729e6]" started-at="2020-05-29T03:47:48 EDT" name="tearDown" finished-at="2020-05-29T03:47:48 EDT" duration-ms="99" status="PASS">
          <reporter-output>
          </reporter-output>
        </test-method> <!-- tearDown -->
        <test-method is-config="true" signature="setUp()[pri:0, instance:com.class03.HWwithRefia@78b729e6]" started-at="2020-05-29T03:47:48 EDT" name="setUp" finished-at="2020-05-29T03:47:50 EDT" duration-ms="2335" status="PASS">
          <reporter-output>
          </reporter-output>
        </test-method> <!-- setUp -->
        <test-method signature="addEmployee(java.lang.String, java.lang.String, java.lang.String, java.lang.String)[pri:0, instance:com.class03.HWwithRefia@78b729e6]" started-at="2020-05-29T03:47:50 EDT" name="addEmployee" data-provider="getData" finished-at="2020-05-29T03:47:58 EDT" duration-ms="7302" status="PASS">
          <params>
            <param index="0">
              <value>
                <![CDATA[Nick]]>
              </value>
            </param>
            <param index="1">
              <value>
                <![CDATA[Koko]]>
              </value>
            </param>
            <param index="2">
              <value>
                <![CDATA[knicj5656]]>
              </value>
            </param>
            <param index="3">
              <value>
                <![CDATA[bceDrevfgf1245!]]>
              </value>
            </param>
          </params>
          <reporter-output>
          </reporter-output>
        </test-method> <!-- addEmployee -->
        <test-method is-config="true" signature="tearDown()[pri:0, instance:com.class03.HWwithRefia@78b729e6]" started-at="2020-05-29T03:47:58 EDT" name="tearDown" finished-at="2020-05-29T03:47:58 EDT" duration-ms="100" status="PASS">
          <reporter-output>
          </reporter-output>
        </test-method> <!-- tearDown -->
      </class> <!-- com.class03.HWwithRefia -->
    </test> <!-- Default test -->
  </suite> <!-- Default suite -->
</testng-results>
