<?xml version="1.0" encoding="UTF-8"?>
<testng-results ignored="0" total="1" passed="1" failed="0" skipped="0">
  <reporter-output>
  </reporter-output>
  <suite started-at="2020-05-22T14:06:23 EDT" name="Default suite" finished-at="2020-05-22T14:06:50 EDT" duration-ms="27279">
    <groups>
    </groups>
    <test started-at="2020-05-22T14:06:23 EDT" name="Default test" finished-at="2020-05-22T14:06:50 EDT" duration-ms="27279">
      <class name="com.class02.NewTest">
        <test-method is-config="true" signature="beforeMethod()[pri:0, instance:com.class02.NewTest@5906ebcb]" started-at="2020-05-22T14:06:23 EDT" name="beforeMethod" finished-at="2020-05-22T14:06:28 EDT" duration-ms="4827" status="PASS">
          <reporter-output>
          </reporter-output>
        </test-method> <!-- beforeMethod -->
        <test-method signature="f()[pri:0, instance:com.class02.NewTest@5906ebcb]" started-at="2020-05-22T14:06:28 EDT" name="f" finished-at="2020-05-22T14:06:50 EDT" duration-ms="22304" status="PASS">
          <reporter-output>
          </reporter-output>
        </test-method> <!-- f -->
        <test-method is-config="true" signature="afterMethod()[pri:0, instance:com.class02.NewTest@5906ebcb]" started-at="2020-05-22T14:06:50 EDT" name="afterMethod" finished-at="2020-05-22T14:06:50 EDT" duration-ms="102" status="PASS">
          <reporter-output>
          </reporter-output>
        </test-method> <!-- afterMethod -->
      </class> <!-- com.class02.NewTest -->
    </test> <!-- Default test -->
  </suite> <!-- Default suite -->
</testng-results>
